<?xml version="1.0" encoding="UTF-8"?>
<testsuite name="fullstack.reservation.service.UserServiceTest" tests="1" skipped="0" failures="0" errors="0" timestamp="2021-09-07T16:46:39" hostname="DESKTOP-F55RK1N" time="0.182">
  <properties/>
  <testcase name="createUser()" classname="fullstack.reservation.service.UserServiceTest" time="0.182"/>
  <system-out><![CDATA[2021-09-08 01:46:39.875  INFO 23928 --- [    Test worker] .b.t.c.SpringBootTestContextBootstrapper : Neither @ContextConfiguration nor @ContextHierarchy found for test class [fullstack.reservation.service.UserServiceTest], using SpringBootContextLoader
2021-09-08 01:46:39.877  INFO 23928 --- [    Test worker] o.s.t.c.support.AbstractContextLoader    : Could not detect default resource locations for test class [fullstack.reservation.service.UserServiceTest]: no resource found for suffixes {-context.xml, Context.groovy}.
2021-09-08 01:46:39.877  INFO 23928 --- [    Test worker] t.c.s.AnnotationConfigContextLoaderUtils : Could not detect default configuration classes for test class [fullstack.reservation.service.UserServiceTest]: UserServiceTest does not declare any static, non-private, non-final, nested classes annotated with @Configuration.
2021-09-08 01:46:39.879  INFO 23928 --- [    Test worker] .b.t.c.SpringBootTestContextBootstrapper : Found @SpringBootConfiguration fullstack.reservation.ReservationApplication for test class fullstack.reservation.service.UserServiceTest
2021-09-08 01:46:39.881  INFO 23928 --- [    Test worker] .b.t.c.SpringBootTestContextBootstrapper : Loaded default TestExecutionListener class names from location [META-INF/spring.factories]: [org.springframework.boot.test.autoconfigure.restdocs.RestDocsTestExecutionListener, org.springframework.boot.test.autoconfigure.web.client.MockRestServiceServerResetTestExecutionListener, org.springframework.boot.test.autoconfigure.web.servlet.MockMvcPrintOnlyOnFailureTestExecutionListener, org.springframework.boot.test.autoconfigure.web.servlet.WebDriverTestExecutionListener, org.springframework.boot.test.autoconfigure.webservices.client.MockWebServiceServerTestExecutionListener, org.springframework.boot.test.mock.mockito.MockitoTestExecutionListener, org.springframework.boot.test.mock.mockito.ResetMocksTestExecutionListener, org.springframework.test.context.web.ServletTestExecutionListener, org.springframework.test.context.support.DirtiesContextBeforeModesTestExecutionListener, org.springframework.test.context.event.ApplicationEventsTestExecutionListener, org.springframework.test.context.support.DependencyInjectionTestExecutionListener, org.springframework.test.context.support.DirtiesContextTestExecutionListener, org.springframework.test.context.transaction.TransactionalTestExecutionListener, org.springframework.test.context.jdbc.SqlScriptsTestExecutionListener, org.springframework.test.context.event.EventPublishingTestExecutionListener]
2021-09-08 01:46:39.882  INFO 23928 --- [    Test worker] .b.t.c.SpringBootTestContextBootstrapper : Using TestExecutionListeners: [org.springframework.test.context.web.ServletTestExecutionListener@3ca73472, org.springframework.test.context.support.DirtiesContextBeforeModesTestExecutionListener@742478cf, org.springframework.test.context.event.ApplicationEventsTestExecutionListener@c8d1fde, org.springframework.boot.test.mock.mockito.MockitoTestExecutionListener@50acac24, org.springframework.boot.test.autoconfigure.SpringBootDependencyInjectionTestExecutionListener@55ad16e7, org.springframework.test.context.support.DirtiesContextTestExecutionListener@298ee9d, org.springframework.test.context.transaction.TransactionalTestExecutionListener@668f72ff, org.springframework.test.context.jdbc.SqlScriptsTestExecutionListener@53f73f86, org.springframework.test.context.event.EventPublishingTestExecutionListener@6e501131, org.springframework.boot.test.autoconfigure.restdocs.RestDocsTestExecutionListener@2b79f660, org.springframework.boot.test.autoconfigure.web.client.MockRestServiceServerResetTestExecutionListener@367c717a, org.springframework.boot.test.autoconfigure.web.servlet.MockMvcPrintOnlyOnFailureTestExecutionListener@5c1d633c, org.springframework.boot.test.autoconfigure.web.servlet.WebDriverTestExecutionListener@322a3817, org.springframework.boot.test.autoconfigure.webservices.client.MockWebServiceServerTestExecutionListener@568402c4, org.springframework.boot.test.mock.mockito.ResetMocksTestExecutionListener@3265ecf]
2021-09-08 01:46:39.887  INFO 23928 --- [    Test worker] o.s.t.c.transaction.TransactionContext   : Began transaction (1) for test context [DefaultTestContext@579cb501 testClass = UserServiceTest, testInstance = fullstack.reservation.service.UserServiceTest@21780f14, testMethod = createUser@UserServiceTest, testException = [null], mergedContextConfiguration = [WebMergedContextConfiguration@1099fdd2 testClass = UserServiceTest, locations = '{}', classes = '{class fullstack.reservation.ReservationApplication}', contextInitializerClasses = '[]', activeProfiles = '{}', propertySourceLocations = '{}', propertySourceProperties = '{org.springframework.boot.test.context.SpringBootTestContextBootstrapper=true}', contextCustomizers = set[org.springframework.boot.test.autoconfigure.actuate.metrics.MetricsExportContextCustomizerFactory$DisableMetricExportContextCustomizer@777e5a03, org.springframework.boot.test.autoconfigure.properties.PropertyMappingContextCustomizer@0, org.springframework.boot.test.autoconfigure.web.servlet.WebDriverContextCustomizerFactory$Customizer@4d8ecf4d, org.springframework.boot.test.context.filter.ExcludeFilterContextCustomizer@2e05cc48, org.springframework.boot.test.json.DuplicateJsonObjectContextCustomizerFactory$DuplicateJsonObjectContextCustomizer@567d0c3b, org.springframework.boot.test.mock.mockito.MockitoContextCustomizer@0, org.springframework.boot.test.web.client.TestRestTemplateContextCustomizer@63cd0db0, org.springframework.boot.test.context.SpringBootTestArgs@1, org.springframework.boot.test.context.SpringBootTestWebEnvironment@1768ccb], resourceBasePath = 'src/main/webapp', contextLoader = 'org.springframework.boot.test.context.SpringBootContextLoader', parent = [null]], attributes = map['org.springframework.test.context.web.ServletTestExecutionListener.activateListener' -> true, 'org.springframework.test.context.web.ServletTestExecutionListener.populatedRequestContextHolder' -> true, 'org.springframework.test.context.web.ServletTestExecutionListener.resetRequestContextHolder' -> true, 'org.springframework.test.context.event.ApplicationEventsTestExecutionListener.recordApplicationEvents' -> false]]; transaction manager [org.springframework.orm.jpa.JpaTransactionManager@61a59844]; rollback [false]
2021-09-08 01:46:39.891 DEBUG 23928 --- [    Test worker] org.hibernate.SQL                        : 
    select
        next_val as id_val 
    from
        hibernate_sequence for update
            
2021-09-08 01:46:39.893  INFO 23928 --- [    Test worker] p6spy                                    : #1631033199893 | took 1ms | statement | connection 43| url jdbc:mysql://localhost:3306/library?serverTimezone=UTC&characterEncoding=UTF-8
select next_val as id_val from hibernate_sequence for update
select next_val as id_val from hibernate_sequence for update;
2021-09-08 01:46:39.893 DEBUG 23928 --- [    Test worker] org.hibernate.SQL                        : 
    update
        hibernate_sequence 
    set
        next_val= ? 
    where
        next_val=?
2021-09-08 01:46:39.895  INFO 23928 --- [    Test worker] p6spy                                    : #1631033199895 | took 1ms | statement | connection 43| url jdbc:mysql://localhost:3306/library?serverTimezone=UTC&characterEncoding=UTF-8
update hibernate_sequence set next_val= ? where next_val=?
update hibernate_sequence set next_val= 27 where next_val=26;
2021-09-08 01:46:39.922  INFO 23928 --- [    Test worker] p6spy                                    : #1631033199922 | took 26ms | commit | connection 43| url jdbc:mysql://localhost:3306/library?serverTimezone=UTC&characterEncoding=UTF-8

;
2021-09-08 01:46:39.924 DEBUG 23928 --- [    Test worker] org.hibernate.SQL                        : 
    select
        next_val as id_val 
    from
        hibernate_sequence for update
            
2021-09-08 01:46:39.925  INFO 23928 --- [    Test worker] p6spy                                    : #1631033199925 | took 0ms | statement | connection 44| url jdbc:mysql://localhost:3306/library?serverTimezone=UTC&characterEncoding=UTF-8
select next_val as id_val from hibernate_sequence for update
select next_val as id_val from hibernate_sequence for update;
2021-09-08 01:46:39.925 DEBUG 23928 --- [    Test worker] org.hibernate.SQL                        : 
    update
        hibernate_sequence 
    set
        next_val= ? 
    where
        next_val=?
2021-09-08 01:46:39.927  INFO 23928 --- [    Test worker] p6spy                                    : #1631033199927 | took 1ms | statement | connection 44| url jdbc:mysql://localhost:3306/library?serverTimezone=UTC&characterEncoding=UTF-8
update hibernate_sequence set next_val= ? where next_val=?
update hibernate_sequence set next_val= 28 where next_val=27;
2021-09-08 01:46:39.954  INFO 23928 --- [    Test worker] p6spy                                    : #1631033199954 | took 27ms | commit | connection 44| url jdbc:mysql://localhost:3306/library?serverTimezone=UTC&characterEncoding=UTF-8

;
2021-09-08 01:46:39.958 DEBUG 23928 --- [    Test worker] org.hibernate.SQL                        : 
    insert 
    into
        ticket_user
        (expired_date, user_user_id, ticket_id) 
    values
        (?, ?, ?)
2021-09-08 01:46:39.981  INFO 23928 --- [    Test worker] p6spy                                    : #1631033199981 | took 22ms | statement | connection 42| url jdbc:mysql://localhost:3306/library?serverTimezone=UTC&characterEncoding=UTF-8
insert into ticket_user (expired_date, user_user_id, ticket_id) values (?, ?, ?)
insert into ticket_user (expired_date, user_user_id, ticket_id) values ('2021-09-08T01:46:39.890+0900', NULL, 27);
2021-09-08 01:46:39.982 DEBUG 23928 --- [    Test worker] org.hibernate.SQL                        : 
    insert 
    into
        user
        (age, created_date, gender, last_modified_date, login_id, name, password, phone_number, ticket_id, user_id) 
    values
        (?, ?, ?, ?, ?, ?, ?, ?, ?, ?)
2021-09-08 01:46:39.996  INFO 23928 --- [    Test worker] p6spy                                    : #1631033199996 | took 12ms | statement | connection 42| url jdbc:mysql://localhost:3306/library?serverTimezone=UTC&characterEncoding=UTF-8
insert into user (age, created_date, gender, last_modified_date, login_id, name, password, phone_number, ticket_id, user_id) values (?, ?, ?, ?, ?, ?, ?, ?, ?, ?)
insert into user (age, created_date, gender, last_modified_date, login_id, name, password, phone_number, ticket_id, user_id) values (24, '2021-09-08T01:46:39.890+0900', 'MALE', '2021-09-08T01:46:39.890+0900', 'issiscv', '김상운', '369369rt', '01054866730', 27, 26);
2021-09-08 01:46:39.996 DEBUG 23928 --- [    Test worker] org.hibernate.SQL                        : 
    update
        ticket_user 
    set
        expired_date=?,
        user_user_id=? 
    where
        ticket_id=?
2021-09-08 01:46:39.998  INFO 23928 --- [    Test worker] p6spy                                    : #1631033199998 | took 1ms | statement | connection 42| url jdbc:mysql://localhost:3306/library?serverTimezone=UTC&characterEncoding=UTF-8
update ticket_user set expired_date=?, user_user_id=? where ticket_id=?
update ticket_user set expired_date='2021-09-08T01:46:39.890+0900', user_user_id=26 where ticket_id=27;
2021-09-08 01:46:40.066  INFO 23928 --- [    Test worker] p6spy                                    : #1631033200066 | took 67ms | commit | connection 42| url jdbc:mysql://localhost:3306/library?serverTimezone=UTC&characterEncoding=UTF-8

;
2021-09-08 01:46:40.067  INFO 23928 --- [    Test worker] o.s.t.c.transaction.TransactionContext   : Committed transaction for test: [DefaultTestContext@579cb501 testClass = UserServiceTest, testInstance = fullstack.reservation.service.UserServiceTest@21780f14, testMethod = createUser@UserServiceTest, testException = [null], mergedContextConfiguration = [WebMergedContextConfiguration@1099fdd2 testClass = UserServiceTest, locations = '{}', classes = '{class fullstack.reservation.ReservationApplication}', contextInitializerClasses = '[]', activeProfiles = '{}', propertySourceLocations = '{}', propertySourceProperties = '{org.springframework.boot.test.context.SpringBootTestContextBootstrapper=true}', contextCustomizers = set[org.springframework.boot.test.autoconfigure.actuate.metrics.MetricsExportContextCustomizerFactory$DisableMetricExportContextCustomizer@777e5a03, org.springframework.boot.test.autoconfigure.properties.PropertyMappingContextCustomizer@0, org.springframework.boot.test.autoconfigure.web.servlet.WebDriverContextCustomizerFactory$Customizer@4d8ecf4d, org.springframework.boot.test.context.filter.ExcludeFilterContextCustomizer@2e05cc48, org.springframework.boot.test.json.DuplicateJsonObjectContextCustomizerFactory$DuplicateJsonObjectContextCustomizer@567d0c3b, org.springframework.boot.test.mock.mockito.MockitoContextCustomizer@0, org.springframework.boot.test.web.client.TestRestTemplateContextCustomizer@63cd0db0, org.springframework.boot.test.context.SpringBootTestArgs@1, org.springframework.boot.test.context.SpringBootTestWebEnvironment@1768ccb], resourceBasePath = 'src/main/webapp', contextLoader = 'org.springframework.boot.test.context.SpringBootContextLoader', parent = [null]], attributes = map['org.springframework.test.context.web.ServletTestExecutionListener.activateListener' -> true, 'org.springframework.test.context.web.ServletTestExecutionListener.populatedRequestContextHolder' -> true, 'org.springframework.test.context.web.ServletTestExecutionListener.resetRequestContextHolder' -> true, 'org.springframework.test.context.event.ApplicationEventsTestExecutionListener.recordApplicationEvents' -> false]]
]]></system-out>
  <system-err><![CDATA[]]></system-err>
</testsuite>
