<?xml version="1.0" encoding="UTF-8"?>
<testsuite name="fullstack.reservation.service.OrderServiceTest" tests="1" skipped="0" failures="0" errors="0" timestamp="2021-09-07T16:46:36" hostname="DESKTOP-F55RK1N" time="0.407">
  <properties/>
  <testcase name="order()" classname="fullstack.reservation.service.OrderServiceTest" time="0.407"/>
  <system-out><![CDATA[2021-09-08 01:46:35.991  INFO 23928 --- [    Test worker] .b.t.c.SpringBootTestContextBootstrapper : Neither @ContextConfiguration nor @ContextHierarchy found for test class [fullstack.reservation.service.OrderServiceTest], using SpringBootContextLoader
2021-09-08 01:46:35.993  INFO 23928 --- [    Test worker] o.s.t.c.support.AbstractContextLoader    : Could not detect default resource locations for test class [fullstack.reservation.service.OrderServiceTest]: no resource found for suffixes {-context.xml, Context.groovy}.
2021-09-08 01:46:35.993  INFO 23928 --- [    Test worker] t.c.s.AnnotationConfigContextLoaderUtils : Could not detect default configuration classes for test class [fullstack.reservation.service.OrderServiceTest]: OrderServiceTest does not declare any static, non-private, non-final, nested classes annotated with @Configuration.
2021-09-08 01:46:36.019  INFO 23928 --- [    Test worker] .b.t.c.SpringBootTestContextBootstrapper : Found @SpringBootConfiguration fullstack.reservation.ReservationApplication for test class fullstack.reservation.service.OrderServiceTest
2021-09-08 01:46:36.023  INFO 23928 --- [    Test worker] .b.t.c.SpringBootTestContextBootstrapper : Loaded default TestExecutionListener class names from location [META-INF/spring.factories]: [org.springframework.boot.test.autoconfigure.restdocs.RestDocsTestExecutionListener, org.springframework.boot.test.autoconfigure.web.client.MockRestServiceServerResetTestExecutionListener, org.springframework.boot.test.autoconfigure.web.servlet.MockMvcPrintOnlyOnFailureTestExecutionListener, org.springframework.boot.test.autoconfigure.web.servlet.WebDriverTestExecutionListener, org.springframework.boot.test.autoconfigure.webservices.client.MockWebServiceServerTestExecutionListener, org.springframework.boot.test.mock.mockito.MockitoTestExecutionListener, org.springframework.boot.test.mock.mockito.ResetMocksTestExecutionListener, org.springframework.test.context.web.ServletTestExecutionListener, org.springframework.test.context.support.DirtiesContextBeforeModesTestExecutionListener, org.springframework.test.context.event.ApplicationEventsTestExecutionListener, org.springframework.test.context.support.DependencyInjectionTestExecutionListener, org.springframework.test.context.support.DirtiesContextTestExecutionListener, org.springframework.test.context.transaction.TransactionalTestExecutionListener, org.springframework.test.context.jdbc.SqlScriptsTestExecutionListener, org.springframework.test.context.event.EventPublishingTestExecutionListener]
2021-09-08 01:46:36.024  INFO 23928 --- [    Test worker] .b.t.c.SpringBootTestContextBootstrapper : Using TestExecutionListeners: [org.springframework.test.context.web.ServletTestExecutionListener@7f95c883, org.springframework.test.context.support.DirtiesContextBeforeModesTestExecutionListener@18a49b94, org.springframework.test.context.event.ApplicationEventsTestExecutionListener@5df55fb5, org.springframework.boot.test.mock.mockito.MockitoTestExecutionListener@27d98147, org.springframework.boot.test.autoconfigure.SpringBootDependencyInjectionTestExecutionListener@765984ef, org.springframework.test.context.support.DirtiesContextTestExecutionListener@4a9dc98b, org.springframework.test.context.transaction.TransactionalTestExecutionListener@3d622f9a, org.springframework.test.context.jdbc.SqlScriptsTestExecutionListener@565a42c8, org.springframework.test.context.event.EventPublishingTestExecutionListener@6c9eda10, org.springframework.boot.test.autoconfigure.restdocs.RestDocsTestExecutionListener@486b9799, org.springframework.boot.test.autoconfigure.web.client.MockRestServiceServerResetTestExecutionListener@64597ff1, org.springframework.boot.test.autoconfigure.web.servlet.MockMvcPrintOnlyOnFailureTestExecutionListener@60113db0, org.springframework.boot.test.autoconfigure.web.servlet.WebDriverTestExecutionListener@7ac525f8, org.springframework.boot.test.autoconfigure.webservices.client.MockWebServiceServerTestExecutionListener@6e06b266, org.springframework.boot.test.mock.mockito.ResetMocksTestExecutionListener@410ffea0]
2021-09-08 01:46:36.042  INFO 23928 --- [    Test worker] o.s.t.c.transaction.TransactionContext   : Began transaction (1) for test context [DefaultTestContext@4746ac70 testClass = OrderServiceTest, testInstance = fullstack.reservation.service.OrderServiceTest@69976b6d, testMethod = order@OrderServiceTest, testException = [null], mergedContextConfiguration = [WebMergedContextConfiguration@78fbfdcb testClass = OrderServiceTest, locations = '{}', classes = '{class fullstack.reservation.ReservationApplication}', contextInitializerClasses = '[]', activeProfiles = '{}', propertySourceLocations = '{}', propertySourceProperties = '{org.springframework.boot.test.context.SpringBootTestContextBootstrapper=true}', contextCustomizers = set[org.springframework.boot.test.autoconfigure.actuate.metrics.MetricsExportContextCustomizerFactory$DisableMetricExportContextCustomizer@777e5a03, org.springframework.boot.test.autoconfigure.properties.PropertyMappingContextCustomizer@0, org.springframework.boot.test.autoconfigure.web.servlet.WebDriverContextCustomizerFactory$Customizer@4d8ecf4d, org.springframework.boot.test.context.filter.ExcludeFilterContextCustomizer@2e05cc48, org.springframework.boot.test.json.DuplicateJsonObjectContextCustomizerFactory$DuplicateJsonObjectContextCustomizer@567d0c3b, org.springframework.boot.test.mock.mockito.MockitoContextCustomizer@0, org.springframework.boot.test.web.client.TestRestTemplateContextCustomizer@63cd0db0, org.springframework.boot.test.context.SpringBootTestArgs@1, org.springframework.boot.test.context.SpringBootTestWebEnvironment@1768ccb], resourceBasePath = 'src/main/webapp', contextLoader = 'org.springframework.boot.test.context.SpringBootContextLoader', parent = [null]], attributes = map['org.springframework.test.context.web.ServletTestExecutionListener.activateListener' -> true, 'org.springframework.test.context.web.ServletTestExecutionListener.populatedRequestContextHolder' -> true, 'org.springframework.test.context.web.ServletTestExecutionListener.resetRequestContextHolder' -> true, 'org.springframework.test.context.event.ApplicationEventsTestExecutionListener.recordApplicationEvents' -> false]]; transaction manager [org.springframework.orm.jpa.JpaTransactionManager@61a59844]; rollback [false]
2021-09-08 01:46:36.164 DEBUG 23928 --- [    Test worker] org.hibernate.SQL                        : 
    select
        next_val as id_val 
    from
        hibernate_sequence for update
            
2021-09-08 01:46:36.165  INFO 23928 --- [    Test worker] p6spy                                    : #1631033196165 | took 0ms | statement | connection 28| url jdbc:mysql://localhost:3306/library?serverTimezone=UTC&characterEncoding=UTF-8
select next_val as id_val from hibernate_sequence for update
select next_val as id_val from hibernate_sequence for update;
2021-09-08 01:46:36.166 DEBUG 23928 --- [    Test worker] org.hibernate.SQL                        : 
    update
        hibernate_sequence 
    set
        next_val= ? 
    where
        next_val=?
2021-09-08 01:46:36.167  INFO 23928 --- [    Test worker] p6spy                                    : #1631033196167 | took 1ms | statement | connection 28| url jdbc:mysql://localhost:3306/library?serverTimezone=UTC&characterEncoding=UTF-8
update hibernate_sequence set next_val= ? where next_val=?
update hibernate_sequence set next_val= 14 where next_val=13;
2021-09-08 01:46:36.195  INFO 23928 --- [    Test worker] p6spy                                    : #1631033196195 | took 27ms | commit | connection 28| url jdbc:mysql://localhost:3306/library?serverTimezone=UTC&characterEncoding=UTF-8

;
2021-09-08 01:46:36.198 DEBUG 23928 --- [    Test worker] org.hibernate.SQL                        : 
    select
        next_val as id_val 
    from
        hibernate_sequence for update
            
2021-09-08 01:46:36.199  INFO 23928 --- [    Test worker] p6spy                                    : #1631033196199 | took 0ms | statement | connection 29| url jdbc:mysql://localhost:3306/library?serverTimezone=UTC&characterEncoding=UTF-8
select next_val as id_val from hibernate_sequence for update
select next_val as id_val from hibernate_sequence for update;
2021-09-08 01:46:36.199 DEBUG 23928 --- [    Test worker] org.hibernate.SQL                        : 
    update
        hibernate_sequence 
    set
        next_val= ? 
    where
        next_val=?
2021-09-08 01:46:36.212  INFO 23928 --- [    Test worker] p6spy                                    : #1631033196212 | took 12ms | statement | connection 29| url jdbc:mysql://localhost:3306/library?serverTimezone=UTC&characterEncoding=UTF-8
update hibernate_sequence set next_val= ? where next_val=?
update hibernate_sequence set next_val= 15 where next_val=14;
2021-09-08 01:46:36.239  INFO 23928 --- [    Test worker] p6spy                                    : #1631033196239 | took 27ms | commit | connection 29| url jdbc:mysql://localhost:3306/library?serverTimezone=UTC&characterEncoding=UTF-8

;
2021-09-08 01:46:36.291 DEBUG 23928 --- [    Test worker] org.hibernate.SQL                        : 
    select
        item0_.item_id as item_id1_1_,
        item0_.hour_type as hour_typ2_1_,
        item0_.price as price3_1_,
        item0_.ticket as ticket4_1_ 
    from
        item item0_ 
    where
        item0_.ticket=?
2021-09-08 01:46:36.293  INFO 23928 --- [    Test worker] p6spy                                    : #1631033196293 | took 0ms | statement | connection 27| url jdbc:mysql://localhost:3306/library?serverTimezone=UTC&characterEncoding=UTF-8
select item0_.item_id as item_id1_1_, item0_.hour_type as hour_typ2_1_, item0_.price as price3_1_, item0_.ticket as ticket4_1_ from item item0_ where item0_.ticket=?
select item0_.item_id as item_id1_1_, item0_.hour_type as hour_typ2_1_, item0_.price as price3_1_, item0_.ticket as ticket4_1_ from item item0_ where item0_.ticket='DAY';
2021-09-08 01:46:36.307 DEBUG 23928 --- [    Test worker] org.hibernate.SQL                        : 
    select
        next_val as id_val 
    from
        hibernate_sequence for update
            
2021-09-08 01:46:36.308  INFO 23928 --- [    Test worker] p6spy                                    : #1631033196308 | took 0ms | statement | connection 30| url jdbc:mysql://localhost:3306/library?serverTimezone=UTC&characterEncoding=UTF-8
select next_val as id_val from hibernate_sequence for update
select next_val as id_val from hibernate_sequence for update;
2021-09-08 01:46:36.308 DEBUG 23928 --- [    Test worker] org.hibernate.SQL                        : 
    update
        hibernate_sequence 
    set
        next_val= ? 
    where
        next_val=?
2021-09-08 01:46:36.310  INFO 23928 --- [    Test worker] p6spy                                    : #1631033196310 | took 0ms | statement | connection 30| url jdbc:mysql://localhost:3306/library?serverTimezone=UTC&characterEncoding=UTF-8
update hibernate_sequence set next_val= ? where next_val=?
update hibernate_sequence set next_val= 16 where next_val=15;
2021-09-08 01:46:36.337  INFO 23928 --- [    Test worker] p6spy                                    : #1631033196337 | took 26ms | commit | connection 30| url jdbc:mysql://localhost:3306/library?serverTimezone=UTC&characterEncoding=UTF-8

;
2021-09-08 01:46:36.341 DEBUG 23928 --- [    Test worker] org.hibernate.SQL                        : 
    insert 
    into
        ticket_user
        (expired_date, user_user_id, ticket_id) 
    values
        (?, ?, ?)
2021-09-08 01:46:36.351  INFO 23928 --- [    Test worker] p6spy                                    : #1631033196351 | took 2ms | statement | connection 27| url jdbc:mysql://localhost:3306/library?serverTimezone=UTC&characterEncoding=UTF-8
insert into ticket_user (expired_date, user_user_id, ticket_id) values (?, ?, ?)
insert into ticket_user (expired_date, user_user_id, ticket_id) values ('2021-09-08T01:46:36.057+0900', NULL, 14);
2021-09-08 01:46:36.352 DEBUG 23928 --- [    Test worker] org.hibernate.SQL                        : 
    insert 
    into
        user
        (age, created_date, gender, last_modified_date, login_id, name, password, phone_number, ticket_id, user_id) 
    values
        (?, ?, ?, ?, ?, ?, ?, ?, ?, ?)
2021-09-08 01:46:36.354  INFO 23928 --- [    Test worker] p6spy                                    : #1631033196354 | took 0ms | statement | connection 27| url jdbc:mysql://localhost:3306/library?serverTimezone=UTC&characterEncoding=UTF-8
insert into user (age, created_date, gender, last_modified_date, login_id, name, password, phone_number, ticket_id, user_id) values (?, ?, ?, ?, ?, ?, ?, ?, ?, ?)
insert into user (age, created_date, gender, last_modified_date, login_id, name, password, phone_number, ticket_id, user_id) values (24, '2021-09-08T01:46:36.109+0900', 'MALE', '2021-09-08T01:46:36.109+0900', 'issiscv', '김상운', '369369rt', '01054866730', 14, 13);
2021-09-08 01:46:36.355 DEBUG 23928 --- [    Test worker] org.hibernate.SQL                        : 
    insert 
    into
        orders
        (item_id, order_date, order_type, user_id, orders_id) 
    values
        (?, ?, ?, ?, ?)
2021-09-08 01:46:36.380  INFO 23928 --- [    Test worker] p6spy                                    : #1631033196380 | took 24ms | statement | connection 27| url jdbc:mysql://localhost:3306/library?serverTimezone=UTC&characterEncoding=UTF-8
insert into orders (item_id, order_date, order_type, user_id, orders_id) values (?, ?, ?, ?, ?)
insert into orders (item_id, order_date, order_type, user_id, orders_id) values (11, '2021-09-08T01:46:36.303+0900', 'DAY', 13, 15);
2021-09-08 01:46:36.381 DEBUG 23928 --- [    Test worker] org.hibernate.SQL                        : 
    update
        ticket_user 
    set
        expired_date=?,
        user_user_id=? 
    where
        ticket_id=?
2021-09-08 01:46:36.394  INFO 23928 --- [    Test worker] p6spy                                    : #1631033196394 | took 11ms | statement | connection 27| url jdbc:mysql://localhost:3306/library?serverTimezone=UTC&characterEncoding=UTF-8
update ticket_user set expired_date=?, user_user_id=? where ticket_id=?
update ticket_user set expired_date='2021-09-09T01:46:36.270+0900', user_user_id=13 where ticket_id=14;
2021-09-08 01:46:36.437  INFO 23928 --- [    Test worker] p6spy                                    : #1631033196437 | took 40ms | commit | connection 27| url jdbc:mysql://localhost:3306/library?serverTimezone=UTC&characterEncoding=UTF-8

;
2021-09-08 01:46:36.438  INFO 23928 --- [    Test worker] o.s.t.c.transaction.TransactionContext   : Committed transaction for test: [DefaultTestContext@4746ac70 testClass = OrderServiceTest, testInstance = fullstack.reservation.service.OrderServiceTest@69976b6d, testMethod = order@OrderServiceTest, testException = [null], mergedContextConfiguration = [WebMergedContextConfiguration@78fbfdcb testClass = OrderServiceTest, locations = '{}', classes = '{class fullstack.reservation.ReservationApplication}', contextInitializerClasses = '[]', activeProfiles = '{}', propertySourceLocations = '{}', propertySourceProperties = '{org.springframework.boot.test.context.SpringBootTestContextBootstrapper=true}', contextCustomizers = set[org.springframework.boot.test.autoconfigure.actuate.metrics.MetricsExportContextCustomizerFactory$DisableMetricExportContextCustomizer@777e5a03, org.springframework.boot.test.autoconfigure.properties.PropertyMappingContextCustomizer@0, org.springframework.boot.test.autoconfigure.web.servlet.WebDriverContextCustomizerFactory$Customizer@4d8ecf4d, org.springframework.boot.test.context.filter.ExcludeFilterContextCustomizer@2e05cc48, org.springframework.boot.test.json.DuplicateJsonObjectContextCustomizerFactory$DuplicateJsonObjectContextCustomizer@567d0c3b, org.springframework.boot.test.mock.mockito.MockitoContextCustomizer@0, org.springframework.boot.test.web.client.TestRestTemplateContextCustomizer@63cd0db0, org.springframework.boot.test.context.SpringBootTestArgs@1, org.springframework.boot.test.context.SpringBootTestWebEnvironment@1768ccb], resourceBasePath = 'src/main/webapp', contextLoader = 'org.springframework.boot.test.context.SpringBootContextLoader', parent = [null]], attributes = map['org.springframework.test.context.web.ServletTestExecutionListener.activateListener' -> true, 'org.springframework.test.context.web.ServletTestExecutionListener.populatedRequestContextHolder' -> true, 'org.springframework.test.context.web.ServletTestExecutionListener.resetRequestContextHolder' -> true, 'org.springframework.test.context.event.ApplicationEventsTestExecutionListener.recordApplicationEvents' -> false]]
]]></system-out>
  <system-err><![CDATA[]]></system-err>
</testsuite>
